{"/Users/jeremywu/work/element-plus/packages/notification/src/notify.ts": {"path":"/Users/jeremywu/work/element-plus/packages/notification/src/notify.ts","statementMap":{"0":{"start":{"line":1,"column":0},"end":{"line":1,"column":44}},"1":{"start":{"line":2,"column":0},"end":{"line":2,"column":49}},"2":{"start":{"line":4,"column":0},"end":{"line":4,"column":43}},"3":{"start":{"line":5,"column":0},"end":{"line":5,"column":52}},"4":{"start":{"line":6,"column":0},"end":{"line":6,"column":42}},"5":{"start":{"line":8,"column":29},"end":{"line":13,"column":1}},"6":{"start":{"line":9,"column":2},"end":{"line":11,"column":null}},"7":{"start":{"line":10,"column":4},"end":{"line":10,"column":null}},"8":{"start":{"line":10,"column":62},"end":{"line":10,"column":78}},"9":{"start":{"line":12,"column":2},"end":{"line":12,"column":null}},"10":{"start":{"line":16,"column":41},"end":{"line":16,"column":43}},"11":{"start":{"line":17,"column":11},"end":{"line":17,"column":12}},"12":{"start":{"line":19,"column":36},"end":{"line":66,"column":1}},"13":{"start":{"line":20,"column":2},"end":{"line":20,"column":22}},"14":{"start":{"line":20,"column":16},"end":{"line":20,"column":22}},"15":{"start":{"line":21,"column":13},"end":{"line":21,"column":37}},"16":{"start":{"line":22,"column":22},"end":{"line":22,"column":37}},"17":{"start":{"line":23,"column":2},"end":{"line":25,"column":null}},"18":{"start":{"line":24,"column":4},"end":{"line":24,"column":null}},"19":{"start":{"line":26,"column":47},"end":{"line":44,"column":null}},"20":{"start":{"line":34,"column":6},"end":{"line":34,"column":null}},"21":{"start":{"line":35,"column":27},"end":{"line":35,"column":46}},"22":{"start":{"line":36,"column":6},"end":{"line":40,"column":null}},"23":{"start":{"line":37,"column":24},"end":{"line":37,"column":60}},"24":{"start":{"line":39,"column":10},"end":{"line":39,"column":null}},"25":{"start":{"line":41,"column":6},"end":{"line":41,"column":null}},"26":{"start":{"line":42,"column":6},"end":{"line":42,"column":null}},"27":{"start":{"line":45,"column":2},"end":{"line":49,"column":null}},"28":{"start":{"line":51,"column":2},"end":{"line":51,"column":null}},"29":{"start":{"line":53,"column":19},"end":{"line":53,"column":50}},"30":{"start":{"line":55,"column":20},"end":{"line":55,"column":49}},"31":{"start":{"line":56,"column":2},"end":{"line":56,"column":null}},"32":{"start":{"line":57,"column":2},"end":{"line":57,"column":null}},"33":{"start":{"line":58,"column":2},"end":{"line":58,"column":null}},"34":{"start":{"line":59,"column":2},"end":{"line":61,"column":null}},"35":{"start":{"line":63,"column":2},"end":{"line":63,"column":null}},"36":{"start":{"line":65,"column":2},"end":{"line":65,"column":null}},"37":{"start":{"line":68,"column":0},"end":{"line":78,"column":null}},"38":{"start":{"line":69,"column":2},"end":{"line":77,"column":null}},"39":{"start":{"line":70,"column":4},"end":{"line":74,"column":null}},"40":{"start":{"line":71,"column":6},"end":{"line":73,"column":null}},"41":{"start":{"line":75,"column":4},"end":{"line":75,"column":null}},"42":{"start":{"line":76,"column":4},"end":{"line":76,"column":null}},"43":{"start":{"line":84,"column":14},"end":{"line":87,"column":4}},"44":{"start":{"line":85,"column":24},"end":{"line":85,"column":35}},"45":{"start":{"line":86,"column":4},"end":{"line":86,"column":null}},"46":{"start":{"line":88,"column":2},"end":{"line":90,"column":null}},"47":{"start":{"line":89,"column":4},"end":{"line":89,"column":10}},"48":{"start":{"line":92,"column":23},"end":{"line":92,"column":41}},"49":{"start":{"line":93,"column":17},"end":{"line":93,"column":29}},"50":{"start":{"line":94,"column":2},"end":{"line":94,"column":17}},"51":{"start":{"line":94,"column":11},"end":{"line":94,"column":17}},"52":{"start":{"line":95,"column":2},"end":{"line":95,"column":19}},"53":{"start":{"line":96,"column":24},"end":{"line":96,"column":43}},"54":{"start":{"line":97,"column":2},"end":{"line":97,"column":null}},"55":{"start":{"line":98,"column":2},"end":{"line":98,"column":null}},"56":{"start":{"line":100,"column":2},"end":{"line":100,"column":null}},"57":{"start":{"line":101,"column":14},"end":{"line":101,"column":34}},"58":{"start":{"line":102,"column":2},"end":{"line":102,"column":21}},"59":{"start":{"line":102,"column":15},"end":{"line":102,"column":21}},"60":{"start":{"line":103,"column":19},"end":{"line":103,"column":37}},"61":{"start":{"line":104,"column":2},"end":{"line":115,"column":null}},"62":{"start":{"line":104,"column":15},"end":{"line":104,"column":18}},"63":{"start":{"line":105,"column":4},"end":{"line":114,"column":null}},"64":{"start":{"line":106,"column":6},"end":{"line":113,"column":null}},"65":{"start":{"line":80,"column":0},"end":{"line":80,"column":16}},"66":{"start":{"line":119,"column":2},"end":{"line":121,"column":null}},"67":{"start":{"line":119,"column":15},"end":{"line":119,"column":39}},"68":{"start":{"line":120,"column":4},"end":{"line":120,"column":null}},"69":{"start":{"line":118,"column":0},"end":{"line":118,"column":16}},"70":{"start":{"line":125,"column":2},"end":{"line":125,"column":null}},"71":{"start":{"line":128,"column":0},"end":{"line":128,"column":null}}},"fnMap":{"0":{"name":"(anonymous_0)","decl":{"start":{"line":8,"column":29},"end":{"line":8,"column":30}},"loc":{"start":{"line":8,"column":64},"end":{"line":13,"column":1}}},"1":{"name":"(anonymous_1)","decl":{"start":{"line":10,"column":56},"end":{"line":10,"column":59}},"loc":{"start":{"line":10,"column":62},"end":{"line":10,"column":78}}},"2":{"name":"(anonymous_2)","decl":{"start":{"line":19,"column":36},"end":{"line":19,"column":45}},"loc":{"start":{"line":19,"column":74},"end":{"line":66,"column":1}}},"3":{"name":"(anonymous_3)","decl":{"start":{"line":23,"column":20},"end":{"line":23,"column":null}},"loc":{"start":{"line":23,"column":20},"end":{"line":25,"column":3}}},"4":{"name":"(anonymous_4)","decl":{"start":{"line":33,"column":11},"end":{"line":33,"column":20}},"loc":{"start":{"line":33,"column":51},"end":{"line":43,"column":5}}},"5":{"name":"(anonymous_5)","decl":{"start":{"line":37,"column":16},"end":{"line":37,"column":20}},"loc":{"start":{"line":37,"column":24},"end":{"line":37,"column":60}}},"6":{"name":"(anonymous_6)","decl":{"start":{"line":38,"column":17},"end":{"line":38,"column":18}},"loc":{"start":{"line":38,"column":28},"end":{"line":40,"column":9}}},"7":{"name":"(anonymous_7)","decl":{"start":{"line":68,"column":48},"end":{"line":68,"column":52}},"loc":{"start":{"line":68,"column":55},"end":{"line":78,"column":1}}},"8":{"name":"(anonymous_8)","decl":{"start":{"line":69,"column":23},"end":{"line":69,"column":30}},"loc":{"start":{"line":69,"column":33},"end":{"line":77,"column":3}}},"9":{"name":"close","decl":{"start":{"line":80,"column":16},"end":{"line":80,"column":21}},"loc":{"start":{"line":82,"column":44},"end":{"line":116,"column":1}}},"10":{"name":"(anonymous_10)","decl":{"start":{"line":84,"column":38},"end":{"line":84,"column":39}},"loc":{"start":{"line":84,"column":42},"end":{"line":87,"column":3}}},"11":{"name":"closeAll","decl":{"start":{"line":118,"column":16},"end":{"line":118,"column":24}},"loc":{"start":{"line":118,"column":24},"end":{"line":122,"column":1}}},"12":{"name":"obtainInstance","decl":{"start":{"line":124,"column":9},"end":{"line":124,"column":23}},"loc":{"start":{"line":124,"column":55},"end":{"line":126,"column":1}}}},"branchMap":{"0":{"loc":{"start":{"line":9,"column":2},"end":{"line":11,"column":null}},"type":"if","locations":[{"start":{"line":9,"column":2},"end":{"line":11,"column":null}},{"start":{"line":9,"column":2},"end":{"line":11,"column":null}}]},"1":{"loc":{"start":{"line":20,"column":2},"end":{"line":20,"column":22}},"type":"if","locations":[{"start":{"line":20,"column":2},"end":{"line":20,"column":22}},{"start":{"line":20,"column":2},"end":{"line":20,"column":22}}]},"2":{"loc":{"start":{"line":35,"column":27},"end":{"line":35,"column":41}},"type":"binary-expr","locations":[{"start":{"line":35,"column":27},"end":{"line":35,"column":41}},{"start":{"line":35,"column":45},"end":{"line":35,"column":46}}]},"3":{"loc":{"start":{"line":39,"column":29},"end":{"line":39,"column":48}},"type":"binary-expr","locations":[{"start":{"line":39,"column":29},"end":{"line":39,"column":48}},{"start":{"line":39,"column":52},"end":{"line":39,"column":53}}]},"4":{"loc":{"start":{"line":53,"column":19},"end":{"line":53,"column":35}},"type":"binary-expr","locations":[{"start":{"line":53,"column":19},"end":{"line":53,"column":35}},{"start":{"line":53,"column":39},"end":{"line":53,"column":50}}]},"5":{"loc":{"start":{"line":70,"column":4},"end":{"line":74,"column":null}},"type":"if","locations":[{"start":{"line":70,"column":4},"end":{"line":74,"column":null}},{"start":{"line":70,"column":4},"end":{"line":74,"column":null}}]},"6":{"loc":{"start":{"line":70,"column":8},"end":{"line":70,"column":35}},"type":"binary-expr","locations":[{"start":{"line":70,"column":8},"end":{"line":70,"column":35}},{"start":{"line":70,"column":39},"end":{"line":70,"column":55}}]},"7":{"loc":{"start":{"line":88,"column":2},"end":{"line":90,"column":null}},"type":"if","locations":[{"start":{"line":88,"column":2},"end":{"line":90,"column":null}},{"start":{"line":88,"column":2},"end":{"line":90,"column":null}}]},"8":{"loc":{"start":{"line":94,"column":2},"end":{"line":94,"column":17}},"type":"if","locations":[{"start":{"line":94,"column":2},"end":{"line":94,"column":17}},{"start":{"line":94,"column":2},"end":{"line":94,"column":17}}]},"9":{"loc":{"start":{"line":95,"column":13},"end":{"line":95,"column":16}},"type":"cond-expr","locations":[{"start":{"line":95,"column":13},"end":{"line":95,"column":16}},{"start":{"line":95,"column":2},"end":{"line":95,"column":19}}]},"10":{"loc":{"start":{"line":95,"column":2},"end":{"line":95,"column":16}},"type":"binary-expr","locations":[{"start":{"line":95,"column":2},"end":{"line":95,"column":16}},{"start":{"line":95,"column":2},"end":{"line":95,"column":16}}]},"11":{"loc":{"start":{"line":102,"column":2},"end":{"line":102,"column":21}},"type":"if","locations":[{"start":{"line":102,"column":2},"end":{"line":102,"column":21}},{"start":{"line":102,"column":2},"end":{"line":102,"column":21}}]},"12":{"loc":{"start":{"line":105,"column":4},"end":{"line":114,"column":null}},"type":"if","locations":[{"start":{"line":105,"column":4},"end":{"line":114,"column":null}},{"start":{"line":105,"column":4},"end":{"line":114,"column":null}}]}},"s":{"0":1,"1":1,"2":1,"3":1,"4":1,"5":1,"6":6,"7":0,"8":0,"9":6,"10":1,"11":1,"12":1,"13":6,"14":0,"15":6,"16":6,"17":6,"18":5,"19":6,"20":6,"21":6,"22":6,"23":12,"24":12,"25":6,"26":6,"27":6,"28":6,"29":6,"30":6,"31":6,"32":6,"33":6,"34":6,"35":6,"36":6,"37":1,"38":4,"39":0,"40":0,"41":0,"42":0,"43":6,"44":12,"45":12,"46":6,"47":0,"48":6,"49":6,"50":6,"51":0,"52":6,"53":6,"54":6,"55":6,"56":6,"57":6,"58":6,"59":3,"60":3,"61":3,"62":3,"63":0,"64":0,"65":1,"66":4,"67":4,"68":5,"69":1,"70":6,"71":1},"f":{"0":6,"1":0,"2":6,"3":5,"4":6,"5":12,"6":12,"7":4,"8":0,"9":6,"10":12,"11":4,"12":6},"b":{"0":[0,6],"1":[0,6],"2":[6,6],"3":[12,12],"4":[6,0],"5":[0,0],"6":[0,0],"7":[0,6],"8":[0,6],"9":[6,0],"10":[6,6],"11":[3,3],"12":[0,0]}}
,"/Users/jeremywu/work/element-plus/packages/utils/popup-manager.ts": {"path":"/Users/jeremywu/work/element-plus/packages/utils/popup-manager.ts","statementMap":{"0":{"start":{"line":2,"column":0},"end":{"line":2,"column":33}},"1":{"start":{"line":3,"column":0},"end":{"line":3,"column":36}},"2":{"start":{"line":4,"column":0},"end":{"line":4,"column":49}},"3":{"start":{"line":5,"column":0},"end":{"line":5,"column":34}},"4":{"start":{"line":39,"column":20},"end":{"line":42,"column":1}},"5":{"start":{"line":40,"column":2},"end":{"line":40,"column":null}},"6":{"start":{"line":41,"column":2},"end":{"line":41,"column":null}},"7":{"start":{"line":44,"column":21},"end":{"line":46,"column":1}},"8":{"start":{"line":45,"column":2},"end":{"line":45,"column":32}},"9":{"start":{"line":48,"column":15},"end":{"line":48,"column":20}},"10":{"start":{"line":51,"column":17},"end":{"line":66,"column":1}},"11":{"start":{"line":52,"column":2},"end":{"line":52,"column":22}},"12":{"start":{"line":52,"column":16},"end":{"line":52,"column":22}},"13":{"start":{"line":53,"column":17},"end":{"line":53,"column":38}},"14":{"start":{"line":54,"column":2},"end":{"line":63,"column":null}},"15":{"start":{"line":55,"column":4},"end":{"line":55,"column":null}},"16":{"start":{"line":57,"column":4},"end":{"line":57,"column":null}},"17":{"start":{"line":58,"column":4},"end":{"line":58,"column":null}},"18":{"start":{"line":59,"column":4},"end":{"line":59,"column":null}},"19":{"start":{"line":61,"column":4},"end":{"line":61,"column":null}},"20":{"start":{"line":62,"column":4},"end":{"line":62,"column":null}},"21":{"start":{"line":65,"column":2},"end":{"line":65,"column":null}},"22":{"start":{"line":68,"column":18},"end":{"line":68,"column":20}},"23":{"start":{"line":70,"column":36},"end":{"line":193,"column":null}},"24":{"start":{"line":76,"column":4},"end":{"line":76,"column":null}},"25":{"start":{"line":80,"column":4},"end":{"line":82,"column":null}},"26":{"start":{"line":81,"column":6},"end":{"line":81,"column":null}},"27":{"start":{"line":86,"column":4},"end":{"line":89,"column":null}},"28":{"start":{"line":87,"column":6},"end":{"line":87,"column":null}},"29":{"start":{"line":88,"column":6},"end":{"line":88,"column":null}},"30":{"start":{"line":93,"column":4},"end":{"line":93,"column":null}},"31":{"start":{"line":99,"column":20},"end":{"line":99,"column":79}},"32":{"start":{"line":100,"column":4},"end":{"line":100,"column":24}},"33":{"start":{"line":100,"column":18},"end":{"line":100,"column":24}},"34":{"start":{"line":102,"column":21},"end":{"line":102,"column":57}},"35":{"start":{"line":103,"column":4},"end":{"line":105,"column":null}},"36":{"start":{"line":104,"column":6},"end":{"line":104,"column":null}},"37":{"start":{"line":109,"column":4},"end":{"line":109,"column":24}},"38":{"start":{"line":109,"column":18},"end":{"line":109,"column":24}},"39":{"start":{"line":110,"column":4},"end":{"line":110,"column":43}},"40":{"start":{"line":110,"column":37},"end":{"line":110,"column":43}},"41":{"start":{"line":111,"column":4},"end":{"line":111,"column":null}},"42":{"start":{"line":113,"column":23},"end":{"line":113,"column":38}},"43":{"start":{"line":115,"column":4},"end":{"line":120,"column":null}},"44":{"start":{"line":115,"column":17},"end":{"line":115,"column":18}},"45":{"start":{"line":115,"column":24},"end":{"line":115,"column":41}},"46":{"start":{"line":116,"column":19},"end":{"line":116,"column":32}},"47":{"start":{"line":117,"column":6},"end":{"line":119,"column":null}},"48":{"start":{"line":118,"column":8},"end":{"line":118,"column":14}},"49":{"start":{"line":122,"column":21},"end":{"line":122,"column":31}},"50":{"start":{"line":124,"column":4},"end":{"line":124,"column":null}},"51":{"start":{"line":125,"column":4},"end":{"line":127,"column":null}},"52":{"start":{"line":126,"column":6},"end":{"line":126,"column":null}},"53":{"start":{"line":128,"column":4},"end":{"line":131,"column":null}},"54":{"start":{"line":129,"column":23},"end":{"line":129,"column":53}},"55":{"start":{"line":130,"column":6},"end":{"line":130,"column":null}},"56":{"start":{"line":130,"column":31},"end":{"line":130,"column":55}},"57":{"start":{"line":132,"column":4},"end":{"line":134,"column":null}},"58":{"start":{"line":133,"column":6},"end":{"line":133,"column":null}},"59":{"start":{"line":136,"column":4},"end":{"line":140,"column":null}},"60":{"start":{"line":137,"column":6},"end":{"line":137,"column":null}},"61":{"start":{"line":139,"column":6},"end":{"line":139,"column":null}},"62":{"start":{"line":142,"column":4},"end":{"line":144,"column":null}},"63":{"start":{"line":143,"column":6},"end":{"line":143,"column":null}},"64":{"start":{"line":145,"column":4},"end":{"line":145,"column":null}},"65":{"start":{"line":146,"column":4},"end":{"line":146,"column":null}},"66":{"start":{"line":148,"column":4},"end":{"line":148,"column":null}},"67":{"start":{"line":152,"column":23},"end":{"line":152,"column":38}},"68":{"start":{"line":153,"column":21},"end":{"line":153,"column":31}},"69":{"start":{"line":155,"column":4},"end":{"line":175,"column":null}},"70":{"start":{"line":156,"column":22},"end":{"line":156,"column":55}},"71":{"start":{"line":157,"column":6},"end":{"line":174,"column":null}},"72":{"start":{"line":158,"column":8},"end":{"line":161,"column":null}},"73":{"start":{"line":159,"column":27},"end":{"line":159,"column":65}},"74":{"start":{"line":160,"column":10},"end":{"line":160,"column":null}},"75":{"start":{"line":160,"column":35},"end":{"line":160,"column":62}},"76":{"start":{"line":163,"column":8},"end":{"line":163,"column":null}},"77":{"start":{"line":164,"column":8},"end":{"line":166,"column":null}},"78":{"start":{"line":165,"column":10},"end":{"line":165,"column":null}},"79":{"start":{"line":168,"column":8},"end":{"line":173,"column":null}},"80":{"start":{"line":168,"column":21},"end":{"line":168,"column":42}},"81":{"start":{"line":169,"column":10},"end":{"line":172,"column":null}},"82":{"start":{"line":170,"column":12},"end":{"line":170,"column":null}},"83":{"start":{"line":171,"column":12},"end":{"line":171,"column":17}},"84":{"start":{"line":177,"column":4},"end":{"line":191,"column":null}},"85":{"start":{"line":178,"column":6},"end":{"line":180,"column":null}},"86":{"start":{"line":179,"column":8},"end":{"line":179,"column":null}},"87":{"start":{"line":181,"column":6},"end":{"line":190,"column":null}},"88":{"start":{"line":182,"column":8},"end":{"line":188,"column":null}},"89":{"start":{"line":183,"column":10},"end":{"line":183,"column":null}},"90":{"start":{"line":183,"column":35},"end":{"line":183,"column":null}},"91":{"start":{"line":184,"column":10},"end":{"line":184,"column":null}},"92":{"start":{"line":187,"column":10},"end":{"line":187,"column":null}},"93":{"start":{"line":189,"column":8},"end":{"line":189,"column":null}},"94":{"start":{"line":195,"column":0},"end":{"line":206,"column":null}},"95":{"start":{"line":198,"column":4},"end":{"line":200,"column":null}},"96":{"start":{"line":199,"column":6},"end":{"line":199,"column":null}},"97":{"start":{"line":201,"column":4},"end":{"line":201,"column":null}},"98":{"start":{"line":204,"column":4},"end":{"line":204,"column":null}},"99":{"start":{"line":208,"column":20},"end":{"line":218,"column":1}},"100":{"start":{"line":209,"column":2},"end":{"line":209,"column":22}},"101":{"start":{"line":209,"column":16},"end":{"line":209,"column":22}},"102":{"start":{"line":210,"column":2},"end":{"line":217,"column":null}},"103":{"start":{"line":212,"column":6},"end":{"line":212,"column":65}},"104":{"start":{"line":213,"column":4},"end":{"line":213,"column":25}},"105":{"start":{"line":213,"column":19},"end":{"line":213,"column":25}},"106":{"start":{"line":214,"column":21},"end":{"line":214,"column":58}},"107":{"start":{"line":216,"column":4},"end":{"line":216,"column":null}},"108":{"start":{"line":220,"column":0},"end":{"line":235,"column":null}},"109":{"start":{"line":222,"column":2},"end":{"line":234,"column":null}},"110":{"start":{"line":223,"column":4},"end":{"line":233,"column":null}},"111":{"start":{"line":224,"column":23},"end":{"line":224,"column":36}},"112":{"start":{"line":226,"column":6},"end":{"line":232,"column":null}},"113":{"start":{"line":227,"column":8},"end":{"line":231,"column":null}},"114":{"start":{"line":237,"column":0},"end":{"line":237,"column":null}}},"fnMap":{"0":{"name":"(anonymous_0)","decl":{"start":{"line":39,"column":20},"end":{"line":39,"column":21}},"loc":{"start":{"line":39,"column":33},"end":{"line":42,"column":1}}},"1":{"name":"(anonymous_1)","decl":{"start":{"line":44,"column":21},"end":{"line":44,"column":24}},"loc":{"start":{"line":44,"column":26},"end":{"line":46,"column":1}}},"2":{"name":"(anonymous_2)","decl":{"start":{"line":51,"column":17},"end":{"line":51,"column":null}},"loc":{"start":{"line":51,"column":17},"end":{"line":66,"column":1}}},"3":{"name":"(anonymous_3)","decl":{"start":{"line":75,"column":15},"end":{"line":75,"column":24}},"loc":{"start":{"line":75,"column":26},"end":{"line":77,"column":3}}},"4":{"name":"(anonymous_4)","decl":{"start":{"line":79,"column":12},"end":{"line":79,"column":21}},"loc":{"start":{"line":79,"column":33},"end":{"line":83,"column":3}}},"5":{"name":"(anonymous_5)","decl":{"start":{"line":85,"column":14},"end":{"line":85,"column":23}},"loc":{"start":{"line":85,"column":25},"end":{"line":90,"column":3}}},"6":{"name":"(anonymous_6)","decl":{"start":{"line":92,"column":14},"end":{"line":92,"column":null}},"loc":{"start":{"line":92,"column":14},"end":{"line":94,"column":3}}},"7":{"name":"(anonymous_7)","decl":{"start":{"line":98,"column":18},"end":{"line":98,"column":null}},"loc":{"start":{"line":98,"column":18},"end":{"line":106,"column":3}}},"8":{"name":"(anonymous_8)","decl":{"start":{"line":108,"column":13},"end":{"line":108,"column":22}},"loc":{"start":{"line":108,"column":60},"end":{"line":149,"column":3}}},"9":{"name":"(anonymous_9)","decl":{"start":{"line":130,"column":23},"end":{"line":130,"column":27}},"loc":{"start":{"line":130,"column":31},"end":{"line":130,"column":55}}},"10":{"name":"(anonymous_10)","decl":{"start":{"line":132,"column":15},"end":{"line":132,"column":18}},"loc":{"start":{"line":132,"column":20},"end":{"line":134,"column":5}}},"11":{"name":"(anonymous_11)","decl":{"start":{"line":151,"column":14},"end":{"line":151,"column":23}},"loc":{"start":{"line":151,"column":25},"end":{"line":192,"column":3}}},"12":{"name":"(anonymous_12)","decl":{"start":{"line":160,"column":27},"end":{"line":160,"column":31}},"loc":{"start":{"line":160,"column":35},"end":{"line":160,"column":62}}},"13":{"name":"(anonymous_13)","decl":{"start":{"line":181,"column":17},"end":{"line":181,"column":20}},"loc":{"start":{"line":181,"column":22},"end":{"line":190,"column":7}}},"14":{"name":"(anonymous_14)","decl":{"start":{"line":197,"column":2},"end":{"line":197,"column":5}},"loc":{"start":{"line":197,"column":5},"end":{"line":202,"column":3}}},"15":{"name":"(anonymous_15)","decl":{"start":{"line":203,"column":2},"end":{"line":203,"column":5}},"loc":{"start":{"line":203,"column":11},"end":{"line":205,"column":3}}},"16":{"name":"(anonymous_16)","decl":{"start":{"line":208,"column":20},"end":{"line":208,"column":null}},"loc":{"start":{"line":208,"column":20},"end":{"line":218,"column":1}}},"17":{"name":"(anonymous_17)","decl":{"start":{"line":222,"column":24},"end":{"line":222,"column":33}},"loc":{"start":{"line":222,"column":53},"end":{"line":234,"column":3}}}},"branchMap":{"0":{"loc":{"start":{"line":45,"column":14},"end":{"line":45,"column":16}},"type":"cond-expr","locations":[{"start":{"line":45,"column":14},"end":{"line":45,"column":16}},{"start":{"line":45,"column":2},"end":{"line":45,"column":32}}]},"1":{"loc":{"start":{"line":45,"column":2},"end":{"line":45,"column":16}},"type":"binary-expr","locations":[{"start":{"line":45,"column":2},"end":{"line":45,"column":16}},{"start":{"line":45,"column":2},"end":{"line":45,"column":16}}]},"2":{"loc":{"start":{"line":52,"column":2},"end":{"line":52,"column":22}},"type":"if","locations":[{"start":{"line":52,"column":2},"end":{"line":52,"column":22}},{"start":{"line":52,"column":2},"end":{"line":52,"column":22}}]},"3":{"loc":{"start":{"line":54,"column":2},"end":{"line":63,"column":null}},"type":"if","locations":[{"start":{"line":54,"column":2},"end":{"line":63,"column":null}},{"start":{"line":54,"column":2},"end":{"line":63,"column":null}}]},"4":{"loc":{"start":{"line":80,"column":4},"end":{"line":82,"column":null}},"type":"if","locations":[{"start":{"line":80,"column":4},"end":{"line":82,"column":null}},{"start":{"line":80,"column":4},"end":{"line":82,"column":null}}]},"5":{"loc":{"start":{"line":80,"column":8},"end":{"line":80,"column":10}},"type":"binary-expr","locations":[{"start":{"line":80,"column":8},"end":{"line":80,"column":10}},{"start":{"line":80,"column":14},"end":{"line":80,"column":22}}]},"6":{"loc":{"start":{"line":86,"column":4},"end":{"line":89,"column":null}},"type":"if","locations":[{"start":{"line":86,"column":4},"end":{"line":89,"column":null}},{"start":{"line":86,"column":4},"end":{"line":89,"column":null}}]},"7":{"loc":{"start":{"line":100,"column":4},"end":{"line":100,"column":24}},"type":"if","locations":[{"start":{"line":100,"column":4},"end":{"line":100,"column":24}},{"start":{"line":100,"column":4},"end":{"line":100,"column":24}}]},"8":{"loc":{"start":{"line":103,"column":4},"end":{"line":105,"column":null}},"type":"if","locations":[{"start":{"line":103,"column":4},"end":{"line":105,"column":null}},{"start":{"line":103,"column":4},"end":{"line":105,"column":null}}]},"9":{"loc":{"start":{"line":103,"column":8},"end":{"line":103,"column":16}},"type":"binary-expr","locations":[{"start":{"line":103,"column":8},"end":{"line":103,"column":16}},{"start":{"line":103,"column":20},"end":{"line":103,"column":46}}]},"10":{"loc":{"start":{"line":109,"column":4},"end":{"line":109,"column":24}},"type":"if","locations":[{"start":{"line":109,"column":4},"end":{"line":109,"column":24}},{"start":{"line":109,"column":4},"end":{"line":109,"column":24}}]},"11":{"loc":{"start":{"line":110,"column":4},"end":{"line":110,"column":43}},"type":"if","locations":[{"start":{"line":110,"column":4},"end":{"line":110,"column":43}},{"start":{"line":110,"column":4},"end":{"line":110,"column":43}}]},"12":{"loc":{"start":{"line":110,"column":8},"end":{"line":110,"column":11}},"type":"binary-expr","locations":[{"start":{"line":110,"column":8},"end":{"line":110,"column":11}},{"start":{"line":110,"column":15},"end":{"line":110,"column":35}}]},"13":{"loc":{"start":{"line":117,"column":6},"end":{"line":119,"column":null}},"type":"if","locations":[{"start":{"line":117,"column":6},"end":{"line":119,"column":null}},{"start":{"line":117,"column":6},"end":{"line":119,"column":null}}]},"14":{"loc":{"start":{"line":125,"column":4},"end":{"line":127,"column":null}},"type":"if","locations":[{"start":{"line":125,"column":4},"end":{"line":127,"column":null}},{"start":{"line":125,"column":4},"end":{"line":127,"column":null}}]},"15":{"loc":{"start":{"line":125,"column":8},"end":{"line":125,"column":22}},"type":"binary-expr","locations":[{"start":{"line":125,"column":8},"end":{"line":125,"column":22}},{"start":{"line":125,"column":26},"end":{"line":125,"column":35}}]},"16":{"loc":{"start":{"line":128,"column":4},"end":{"line":131,"column":null}},"type":"if","locations":[{"start":{"line":128,"column":4},"end":{"line":131,"column":null}},{"start":{"line":128,"column":4},"end":{"line":131,"column":null}}]},"17":{"loc":{"start":{"line":136,"column":4},"end":{"line":140,"column":null}},"type":"if","locations":[{"start":{"line":136,"column":4},"end":{"line":140,"column":null}},{"start":{"line":136,"column":4},"end":{"line":140,"column":null}}]},"18":{"loc":{"start":{"line":136,"column":8},"end":{"line":136,"column":11}},"type":"binary-expr","locations":[{"start":{"line":136,"column":8},"end":{"line":136,"column":11}},{"start":{"line":136,"column":15},"end":{"line":136,"column":29}},{"start":{"line":136,"column":33},"end":{"line":136,"column":63}}]},"19":{"loc":{"start":{"line":142,"column":4},"end":{"line":144,"column":null}},"type":"if","locations":[{"start":{"line":142,"column":4},"end":{"line":144,"column":null}},{"start":{"line":142,"column":4},"end":{"line":144,"column":null}}]},"20":{"loc":{"start":{"line":155,"column":4},"end":{"line":175,"column":null}},"type":"if","locations":[{"start":{"line":155,"column":4},"end":{"line":175,"column":null}},{"start":{"line":155,"column":4},"end":{"line":175,"column":null}}]},"21":{"loc":{"start":{"line":157,"column":6},"end":{"line":174,"column":null}},"type":"if","locations":[{"start":{"line":157,"column":6},"end":{"line":174,"column":null}},{"start":{"line":157,"column":6},"end":{"line":174,"column":null}}]},"22":{"loc":{"start":{"line":158,"column":8},"end":{"line":161,"column":null}},"type":"if","locations":[{"start":{"line":158,"column":8},"end":{"line":161,"column":null}},{"start":{"line":158,"column":8},"end":{"line":161,"column":null}}]},"23":{"loc":{"start":{"line":164,"column":8},"end":{"line":166,"column":null}},"type":"if","locations":[{"start":{"line":164,"column":8},"end":{"line":166,"column":null}},{"start":{"line":164,"column":8},"end":{"line":166,"column":null}}]},"24":{"loc":{"start":{"line":169,"column":10},"end":{"line":172,"column":null}},"type":"if","locations":[{"start":{"line":169,"column":10},"end":{"line":172,"column":null}},{"start":{"line":169,"column":10},"end":{"line":172,"column":null}}]},"25":{"loc":{"start":{"line":177,"column":4},"end":{"line":191,"column":null}},"type":"if","locations":[{"start":{"line":177,"column":4},"end":{"line":191,"column":null}},{"start":{"line":177,"column":4},"end":{"line":191,"column":null}}]},"26":{"loc":{"start":{"line":178,"column":6},"end":{"line":180,"column":null}},"type":"if","locations":[{"start":{"line":178,"column":6},"end":{"line":180,"column":null}},{"start":{"line":178,"column":6},"end":{"line":180,"column":null}}]},"27":{"loc":{"start":{"line":182,"column":8},"end":{"line":188,"column":null}},"type":"if","locations":[{"start":{"line":182,"column":8},"end":{"line":188,"column":null}},{"start":{"line":182,"column":8},"end":{"line":188,"column":null}}]},"28":{"loc":{"start":{"line":183,"column":10},"end":{"line":183,"column":null}},"type":"if","locations":[{"start":{"line":183,"column":10},"end":{"line":183,"column":null}},{"start":{"line":183,"column":10},"end":{"line":183,"column":null}}]},"29":{"loc":{"start":{"line":198,"column":4},"end":{"line":200,"column":null}},"type":"if","locations":[{"start":{"line":198,"column":4},"end":{"line":200,"column":null}},{"start":{"line":198,"column":4},"end":{"line":200,"column":null}}]},"30":{"loc":{"start":{"line":199,"column":15},"end":{"line":199,"column":44}},"type":"binary-expr","locations":[{"start":{"line":199,"column":15},"end":{"line":199,"column":44}},{"start":{"line":199,"column":48},"end":{"line":199,"column":52}}]},"31":{"loc":{"start":{"line":209,"column":2},"end":{"line":209,"column":22}},"type":"if","locations":[{"start":{"line":209,"column":2},"end":{"line":209,"column":22}},{"start":{"line":209,"column":2},"end":{"line":209,"column":22}}]},"32":{"loc":{"start":{"line":210,"column":2},"end":{"line":217,"column":null}},"type":"if","locations":[{"start":{"line":210,"column":2},"end":{"line":217,"column":null}},{"start":{"line":210,"column":2},"end":{"line":217,"column":null}}]},"33":{"loc":{"start":{"line":213,"column":4},"end":{"line":213,"column":25}},"type":"if","locations":[{"start":{"line":213,"column":4},"end":{"line":213,"column":25}},{"start":{"line":213,"column":4},"end":{"line":213,"column":25}}]},"34":{"loc":{"start":{"line":220,"column":0},"end":{"line":235,"column":null}},"type":"if","locations":[{"start":{"line":220,"column":0},"end":{"line":235,"column":null}},{"start":{"line":220,"column":0},"end":{"line":235,"column":null}}]},"35":{"loc":{"start":{"line":223,"column":4},"end":{"line":233,"column":null}},"type":"if","locations":[{"start":{"line":223,"column":4},"end":{"line":233,"column":null}},{"start":{"line":223,"column":4},"end":{"line":233,"column":null}}]},"36":{"loc":{"start":{"line":226,"column":6},"end":{"line":232,"column":null}},"type":"if","locations":[{"start":{"line":226,"column":6},"end":{"line":232,"column":null}},{"start":{"line":226,"column":6},"end":{"line":232,"column":null}}]},"37":{"loc":{"start":{"line":226,"column":10},"end":{"line":226,"column":18}},"type":"binary-expr","locations":[{"start":{"line":226,"column":10},"end":{"line":226,"column":18}},{"start":{"line":226,"column":22},"end":{"line":226,"column":49}}]},"38":{"loc":{"start":{"line":228,"column":12},"end":{"line":228,"column":34}},"type":"cond-expr","locations":[{"start":{"line":228,"column":12},"end":{"line":228,"column":34}},{"start":{"line":229,"column":12},"end":{"line":231,"column":30}}]},"39":{"loc":{"start":{"line":230,"column":14},"end":{"line":230,"column":45}},"type":"cond-expr","locations":[{"start":{"line":230,"column":14},"end":{"line":230,"column":45}},{"start":{"line":231,"column":14},"end":{"line":231,"column":30}}]}},"s":{"0":1,"1":1,"2":1,"3":1,"4":1,"5":0,"6":0,"7":1,"8":0,"9":1,"10":1,"11":0,"12":0,"13":0,"14":0,"15":0,"16":0,"17":0,"18":0,"19":0,"20":0,"21":0,"22":1,"23":1,"24":0,"25":0,"26":0,"27":0,"28":0,"29":0,"30":6,"31":0,"32":0,"33":0,"34":0,"35":0,"36":0,"37":0,"38":0,"39":0,"40":0,"41":0,"42":0,"43":0,"44":0,"45":0,"46":0,"47":0,"48":0,"49":0,"50":0,"51":0,"52":0,"53":0,"54":0,"55":0,"56":0,"57":0,"58":0,"59":0,"60":0,"61":0,"62":0,"63":0,"64":0,"65":0,"66":0,"67":0,"68":0,"69":0,"70":0,"71":0,"72":0,"73":0,"74":0,"75":0,"76":0,"77":0,"78":0,"79":0,"80":0,"81":0,"82":0,"83":0,"84":0,"85":0,"86":0,"87":0,"88":0,"89":0,"90":0,"91":0,"92":0,"93":0,"94":1,"95":6,"96":1,"97":6,"98":6,"99":1,"100":0,"101":0,"102":0,"103":0,"104":0,"105":0,"106":0,"107":0,"108":1,"109":1,"110":0,"111":0,"112":0,"113":0,"114":1},"f":{"0":0,"1":0,"2":0,"3":0,"4":0,"5":0,"6":6,"7":0,"8":0,"9":0,"10":0,"11":0,"12":0,"13":0,"14":6,"15":6,"16":0,"17":0},"b":{"0":[0,0],"1":[0,0],"2":[0,0],"3":[0,0],"4":[0,0],"5":[0,0],"6":[0,0],"7":[0,0],"8":[0,0],"9":[0,0],"10":[0,0],"11":[0,0],"12":[0,0],"13":[0,0],"14":[0,0],"15":[0,0],"16":[0,0],"17":[0,0],"18":[0,0,0],"19":[0,0],"20":[0,0],"21":[0,0],"22":[0,0],"23":[0,0],"24":[0,0],"25":[0,0],"26":[0,0],"27":[0,0],"28":[0,0],"29":[1,5],"30":[1,1],"31":[0,0],"32":[0,0],"33":[0,0],"34":[1,0],"35":[0,0],"36":[0,0],"37":[0,0],"38":[0,0],"39":[0,0]}}
}
