TN:
SF:/Users/jeremywu/work/element-plus/packages/notification/src/notify.ts
FN:8,(anonymous_0)
FN:10,(anonymous_1)
FN:19,(anonymous_2)
FN:23,(anonymous_3)
FN:33,(anonymous_4)
FN:37,(anonymous_5)
FN:38,(anonymous_6)
FN:68,(anonymous_7)
FN:69,(anonymous_8)
FN:80,close
FN:84,(anonymous_10)
FN:118,closeAll
FN:124,obtainInstance
FNF:13
FNH:11
FNDA:6,(anonymous_0)
FNDA:0,(anonymous_1)
FNDA:6,(anonymous_2)
FNDA:5,(anonymous_3)
FNDA:6,(anonymous_4)
FNDA:12,(anonymous_5)
FNDA:12,(anonymous_6)
FNDA:4,(anonymous_7)
FNDA:0,(anonymous_8)
FNDA:6,close
FNDA:12,(anonymous_10)
FNDA:4,closeAll
FNDA:6,obtainInstance
DA:1,1
DA:2,1
DA:4,1
DA:5,1
DA:6,1
DA:8,1
DA:9,6
DA:10,0
DA:12,6
DA:16,1
DA:17,1
DA:19,1
DA:20,6
DA:21,6
DA:22,6
DA:23,6
DA:24,5
DA:26,6
DA:34,6
DA:35,6
DA:36,6
DA:37,12
DA:39,12
DA:41,6
DA:42,6
DA:45,6
DA:51,6
DA:53,6
DA:55,6
DA:56,6
DA:57,6
DA:58,6
DA:59,6
DA:63,6
DA:65,6
DA:68,1
DA:69,4
DA:70,0
DA:71,0
DA:75,0
DA:76,0
DA:80,1
DA:84,6
DA:85,12
DA:86,12
DA:88,6
DA:89,0
DA:92,6
DA:93,6
DA:94,6
DA:95,6
DA:96,6
DA:97,6
DA:98,6
DA:100,6
DA:101,6
DA:102,6
DA:103,3
DA:104,3
DA:105,0
DA:106,0
DA:118,1
DA:119,4
DA:120,5
DA:125,6
DA:128,1
LF:66
LH:58
BRDA:9,0,0,0
BRDA:9,0,1,6
BRDA:20,1,0,0
BRDA:20,1,1,6
BRDA:35,2,0,6
BRDA:35,2,1,6
BRDA:39,3,0,12
BRDA:39,3,1,12
BRDA:53,4,0,6
BRDA:53,4,1,0
BRDA:70,5,0,0
BRDA:70,5,1,0
BRDA:70,6,0,0
BRDA:70,6,1,0
BRDA:88,7,0,0
BRDA:88,7,1,6
BRDA:94,8,0,0
BRDA:94,8,1,6
BRDA:95,9,0,6
BRDA:95,9,1,0
BRDA:95,10,0,6
BRDA:95,10,1,6
BRDA:102,11,0,3
BRDA:102,11,1,3
BRDA:105,12,0,0
BRDA:105,12,1,0
BRF:26
BRH:14
end_of_record
TN:
SF:/Users/jeremywu/work/element-plus/packages/utils/popup-manager.ts
FN:39,(anonymous_0)
FN:44,(anonymous_1)
FN:51,(anonymous_2)
FN:75,(anonymous_3)
FN:79,(anonymous_4)
FN:85,(anonymous_5)
FN:92,(anonymous_6)
FN:98,(anonymous_7)
FN:108,(anonymous_8)
FN:130,(anonymous_9)
FN:132,(anonymous_10)
FN:151,(anonymous_11)
FN:160,(anonymous_12)
FN:181,(anonymous_13)
FN:197,(anonymous_14)
FN:203,(anonymous_15)
FN:208,(anonymous_16)
FN:222,(anonymous_17)
FNF:18
FNH:3
FNDA:0,(anonymous_0)
FNDA:0,(anonymous_1)
FNDA:0,(anonymous_2)
FNDA:0,(anonymous_3)
FNDA:0,(anonymous_4)
FNDA:0,(anonymous_5)
FNDA:6,(anonymous_6)
FNDA:0,(anonymous_7)
FNDA:0,(anonymous_8)
FNDA:0,(anonymous_9)
FNDA:0,(anonymous_10)
FNDA:0,(anonymous_11)
FNDA:0,(anonymous_12)
FNDA:0,(anonymous_13)
FNDA:6,(anonymous_14)
FNDA:6,(anonymous_15)
FNDA:0,(anonymous_16)
FNDA:0,(anonymous_17)
DA:2,1
DA:3,1
DA:4,1
DA:5,1
DA:39,1
DA:40,0
DA:41,0
DA:44,1
DA:45,0
DA:48,1
DA:51,1
DA:52,0
DA:53,0
DA:54,0
DA:55,0
DA:57,0
DA:58,0
DA:59,0
DA:61,0
DA:62,0
DA:65,0
DA:68,1
DA:70,1
DA:76,0
DA:80,0
DA:81,0
DA:86,0
DA:87,0
DA:88,0
DA:93,6
DA:99,0
DA:100,0
DA:102,0
DA:103,0
DA:104,0
DA:109,0
DA:110,0
DA:111,0
DA:113,0
DA:115,0
DA:116,0
DA:117,0
DA:118,0
DA:122,0
DA:124,0
DA:125,0
DA:126,0
DA:128,0
DA:129,0
DA:130,0
DA:132,0
DA:133,0
DA:136,0
DA:137,0
DA:139,0
DA:142,0
DA:143,0
DA:145,0
DA:146,0
DA:148,0
DA:152,0
DA:153,0
DA:155,0
DA:156,0
DA:157,0
DA:158,0
DA:159,0
DA:160,0
DA:163,0
DA:164,0
DA:165,0
DA:168,0
DA:169,0
DA:170,0
DA:171,0
DA:177,0
DA:178,0
DA:179,0
DA:181,0
DA:182,0
DA:183,0
DA:184,0
DA:187,0
DA:189,0
DA:195,1
DA:198,6
DA:199,1
DA:201,6
DA:204,6
DA:208,1
DA:209,0
DA:210,0
DA:212,0
DA:213,0
DA:214,0
DA:216,0
DA:220,1
DA:222,1
DA:223,0
DA:224,0
DA:226,0
DA:227,0
DA:237,1
LF:103
LH:20
BRDA:45,0,0,0
BRDA:45,0,1,0
BRDA:45,1,0,0
BRDA:45,1,1,0
BRDA:52,2,0,0
BRDA:52,2,1,0
BRDA:54,3,0,0
BRDA:54,3,1,0
BRDA:80,4,0,0
BRDA:80,4,1,0
BRDA:80,5,0,0
BRDA:80,5,1,0
BRDA:86,6,0,0
BRDA:86,6,1,0
BRDA:100,7,0,0
BRDA:100,7,1,0
BRDA:103,8,0,0
BRDA:103,8,1,0
BRDA:103,9,0,0
BRDA:103,9,1,0
BRDA:109,10,0,0
BRDA:109,10,1,0
BRDA:110,11,0,0
BRDA:110,11,1,0
BRDA:110,12,0,0
BRDA:110,12,1,0
BRDA:117,13,0,0
BRDA:117,13,1,0
BRDA:125,14,0,0
BRDA:125,14,1,0
BRDA:125,15,0,0
BRDA:125,15,1,0
BRDA:128,16,0,0
BRDA:128,16,1,0
BRDA:136,17,0,0
BRDA:136,17,1,0
BRDA:136,18,0,0
BRDA:136,18,1,0
BRDA:136,18,2,0
BRDA:142,19,0,0
BRDA:142,19,1,0
BRDA:155,20,0,0
BRDA:155,20,1,0
BRDA:157,21,0,0
BRDA:157,21,1,0
BRDA:158,22,0,0
BRDA:158,22,1,0
BRDA:164,23,0,0
BRDA:164,23,1,0
BRDA:169,24,0,0
BRDA:169,24,1,0
BRDA:177,25,0,0
BRDA:177,25,1,0
BRDA:178,26,0,0
BRDA:178,26,1,0
BRDA:182,27,0,0
BRDA:182,27,1,0
BRDA:183,28,0,0
BRDA:183,28,1,0
BRDA:198,29,0,1
BRDA:198,29,1,5
BRDA:199,30,0,1
BRDA:199,30,1,1
BRDA:209,31,0,0
BRDA:209,31,1,0
BRDA:210,32,0,0
BRDA:210,32,1,0
BRDA:213,33,0,0
BRDA:213,33,1,0
BRDA:220,34,0,1
BRDA:220,34,1,0
BRDA:223,35,0,0
BRDA:223,35,1,0
BRDA:226,36,0,0
BRDA:226,36,1,0
BRDA:226,37,0,0
BRDA:226,37,1,0
BRDA:228,38,0,0
BRDA:228,38,1,0
BRDA:230,39,0,0
BRDA:230,39,1,0
BRF:81
BRH:5
end_of_record
